<?xml version="1.0" encoding="UTF-8" standalone="no"?>
<!DOCTYPE log SYSTEM "logger.dtd">
<log>
<record>
  <date>2019-08-29T14:40:36.447-0300</date>
  <logger>WENDSON MAGALHAES DA SILVA</logger>
  <level>FINE</level>
  <message>File 117210424-WENDSON MAGALHAES DA SILVA.zip was received. It was sent by WENDSON MAGALHAES DA SILVA from IP 150.165.42.104 at 29-08-2019 14*40*36</message>
</record>
</log>
<?xml version="1.0" encoding="UTF-8" standalone="no"?>
<!DOCTYPE log SYSTEM "logger.dtd">
<log>
<record>
  <date>2019-08-29T22:06:40.360-0300</date>
  <logger>WENDSON MAGALHAES DA SILVA</logger>
  <level>FINE</level>
  <message>File 117210424-WENDSON MAGALHAES DA SILVA.zip was received. It was sent by WENDSON MAGALHAES DA SILVA from IP 192.168.1.14 at 29-08-2019 22*06*40</message>
</record>
</log>
<?xml version="1.0" encoding="UTF-8" standalone="no"?>
<!DOCTYPE log SYSTEM "logger.dtd">
<log>
<record>
  <date>2019-08-29T22:07:35.140-0300</date>
  <logger>WENDSON MAGALHAES DA SILVA</logger>
  <level>FINE</level>
  <message>File 117210424-WENDSON MAGALHAES DA SILVA.zip was received. It was sent by WENDSON MAGALHAES DA SILVA from IP 192.168.1.14 at 29-08-2019 22*07*35</message>
</record>
</log>
<?xml version="1.0" encoding="UTF-8" standalone="no"?>
<!DOCTYPE log SYSTEM "logger.dtd">
<log>
<record>
  <date>2019-08-29T22:08:49.411-0300</date>
  <logger>WENDSON MAGALHAES DA SILVA</logger>
  <level>FINE</level>
  <message>File 117210424-WENDSON MAGALHAES DA SILVA.zip was received. It was sent by WENDSON MAGALHAES DA SILVA from IP 192.168.1.14 at 29-08-2019 22*08*49</message>
</record>
</log>
<?xml version="1.0" encoding="UTF-8" standalone="no"?>
<!DOCTYPE log SYSTEM "logger.dtd">
<log>
<record>
  <date>2019-08-29T22:09:50.342-0300</date>
  <logger>WENDSON MAGALHAES DA SILVA</logger>
  <level>FINE</level>
  <message>File 117210424-WENDSON MAGALHAES DA SILVA.zip was received. It was sent by WENDSON MAGALHAES DA SILVA from IP 192.168.1.14 at 29-08-2019 22*09*50</message>
</record>
</log>
<?xml version="1.0" encoding="UTF-8" standalone="no"?>
<!DOCTYPE log SYSTEM "logger.dtd">
<log>
<record>
  <date>2019-08-29T22:11:27.954-0300</date>
  <logger>WENDSON MAGALHAES DA SILVA</logger>
  <level>FINE</level>
  <message>File 117210424-WENDSON MAGALHAES DA SILVA.zip was received. It was sent by WENDSON MAGALHAES DA SILVA from IP 192.168.1.14 at 29-08-2019 22*11*27</message>
</record>
</log>
<?xml version="1.0" encoding="UTF-8" standalone="no"?>
<!DOCTYPE log SYSTEM "logger.dtd">
<log>
<record>
  <date>2019-08-29T22:12:57.192-0300</date>
  <logger>WENDSON MAGALHAES DA SILVA</logger>
  <level>FINE</level>
  <message>File 117210424-WENDSON MAGALHAES DA SILVA.zip was received. It was sent by WENDSON MAGALHAES DA SILVA from IP 192.168.1.14 at 29-08-2019 22*12*57</message>
</record>
</log>
<?xml version="1.0" encoding="UTF-8" standalone="no"?>
<!DOCTYPE log SYSTEM "logger.dtd">
<log>
<record>
  <date>2019-08-29T22:21:01.135-0300</date>
  <logger>WENDSON MAGALHAES DA SILVA</logger>
  <level>FINE</level>
  <message>File 117210424-WENDSON MAGALHAES DA SILVA.zip was received. It was sent by WENDSON MAGALHAES DA SILVA from IP 192.168.1.14 at 29-08-2019 22*21*01</message>
</record>
